[debug] [2024-02-02T10:41:08.957Z] ----------------------------------------------------------------------
[debug] [2024-02-02T10:41:08.960Z] Command:       C:\Program Files\nodejs\node.exe C:\Users\Vedant\AppData\Roaming\npm\node_modules\firebase-tools\lib\bin\firebase.js init
[debug] [2024-02-02T10:41:08.960Z] CLI Version:   13.1.0
[debug] [2024-02-02T10:41:08.960Z] Platform:      win32
[debug] [2024-02-02T10:41:08.960Z] Node Version:  v20.11.0
[debug] [2024-02-02T10:41:08.960Z] Time:          Fri Feb 02 2024 16:11:08 GMT+0530 (India Standard Time)
[debug] [2024-02-02T10:41:08.961Z] ----------------------------------------------------------------------
[debug] 
[debug] [2024-02-02T10:41:08.966Z] >>> [apiv2][query] GET https://firebase-public.firebaseio.com/cli.json [none]
[debug] [2024-02-02T10:41:09.013Z] > command requires scopes: ["email","openid","https://www.googleapis.com/auth/cloudplatformprojects.readonly","https://www.googleapis.com/auth/firebase","https://www.googleapis.com/auth/cloud-platform"]
[debug] [2024-02-02T10:41:09.014Z] > authorizing via signed-in user (vedantshiradhonkar@gmail.com)
[info] 
     ######## #### ########  ######## ########     ###     ######  ########
     ##        ##  ##     ## ##       ##     ##  ##   ##  ##       ##
     ######    ##  ########  ######   ########  #########  ######  ######
     ##        ##  ##    ##  ##       ##     ## ##     ##       ## ##
     ##       #### ##     ## ######## ########  ##     ##  ######  ########

You're about to initialize a Firebase project in this directory:

  C:\Users\Vedant\Desktop\urbancartel

[debug] [2024-02-02T10:41:09.633Z] <<< [apiv2][status] GET https://firebase-public.firebaseio.com/cli.json 200
[debug] [2024-02-02T10:41:09.634Z] <<< [apiv2][body] GET https://firebase-public.firebaseio.com/cli.json {"cloudBuildErrorAfter":1594252800000,"cloudBuildWarnAfter":1590019200000,"defaultNode10After":1594252800000,"minVersion":"3.0.5","node8DeploysDisabledAfter":1613390400000,"node8RuntimeDisabledAfter":1615809600000,"node8WarnAfter":1600128000000}
